Added Component: Designator=P10(HEADER_3)
Add component. Clean all parameters for all variants
Add component (AddParameter): Name = "LatestRevisionDate"; Value = "17-Jul-2002"; VariantName = "[No Variations]"
Add component (AddParameter): Name = "LatestRevisionNote"; Value = "Re-released for DXP Platform."; VariantName = "[No Variations]"
Add component (AddParameter): Name = "Publisher"; Value = "Altium Limited"; VariantName = "[No Variations]"
Added Component: Designator=P11(HEADER_6)
Add component. Clean all parameters for all variants
Add component (AddParameter): Name = "LatestRevisionDate"; Value = "17-Jul-2002"; VariantName = "[No Variations]"
Add component (AddParameter): Name = "LatestRevisionNote"; Value = "Re-released for DXP Platform."; VariantName = "[No Variations]"
Add component (AddParameter): Name = "Publisher"; Value = "Altium Limited"; VariantName = "[No Variations]"
Added Component: Designator=R5(RES400)
Add component. Clean all parameters for all variants
Add component (AddParameter): Name = "LatestRevisionDate"; Value = "17-Jul-2002"; VariantName = "[No Variations]"
Add component (AddParameter): Name = "LatestRevisionNote"; Value = "Re-released for DXP Platform."; VariantName = "[No Variations]"
Add component (AddParameter): Name = "PackageDescription"; Value = "Axial Device, Thru-Hole; 2 Leads; 0.3 in Pin Spacing"; VariantName = "[No Variations]"
Add component (AddParameter): Name = "PackageReference"; Value = "AXIAL-0.3"; VariantName = "[No Variations]"
Add component (AddParameter): Name = "Published"; Value = "8-Jun-2000"; VariantName = "[No Variations]"
Add component (AddParameter): Name = "Publisher"; Value = "Altium Limited"; VariantName = "[No Variations]"
Add component (AddParameter): Name = "Value"; Value = "4.7K"; VariantName = "[No Variations]"
Added Component: Designator=R6(RES400)
Add component. Clean all parameters for all variants
Add component (AddParameter): Name = "LatestRevisionDate"; Value = "17-Jul-2002"; VariantName = "[No Variations]"
Add component (AddParameter): Name = "LatestRevisionNote"; Value = "Re-released for DXP Platform."; VariantName = "[No Variations]"
Add component (AddParameter): Name = "PackageDescription"; Value = "Axial Device, Thru-Hole; 2 Leads; 0.3 in Pin Spacing"; VariantName = "[No Variations]"
Add component (AddParameter): Name = "PackageReference"; Value = "AXIAL-0.3"; VariantName = "[No Variations]"
Add component (AddParameter): Name = "Published"; Value = "8-Jun-2000"; VariantName = "[No Variations]"
Add component (AddParameter): Name = "Publisher"; Value = "Altium Limited"; VariantName = "[No Variations]"
Add component (AddParameter): Name = "Value"; Value = "10K"; VariantName = "[No Variations]"
Added Pin To Net: NetName=GND Pin=P10-3
Added Pin To Net: NetName=VCC_5V Pin=P11-2
Added Pin To Net: NetName=GND Pin=P11-3
Added Pin To Net: NetName=GND Pin=R6-1
Added Pin To Net: NetName=KIPA1 Pin=P10-2
Added Pin To Net: NetName=KIPA1 Pin=U1-25
Added Net: Name=KIPA1
Added Pin To Net: NetName=KIPA2 Pin=P10-1
Added Pin To Net: NetName=KIPA2 Pin=U1-26
Added Net: Name=KIPA2
Added Pin To Net: NetName=NetP11_5 Pin=P11-5
Added Pin To Net: NetName=NetP11_5 Pin=R5-1
Added Pin To Net: NetName=NetP11_5 Pin=R6-2
Added Net: Name=NetP11_5
Added Pin To Net: NetName=U2RX Pin=P11-4
Added Pin To Net: NetName=U2RX Pin=U1-28
Added Net: Name=U2RX
Added Pin To Net: NetName=U2TX Pin=R5-2
Added Pin To Net: NetName=U2TX Pin=U1-27
Added Net: Name=U2TX
Added Member To Class: ClassName=dsPIC_reciver_sch Member=Component P10 KIPA
Added Member To Class: ClassName=dsPIC_reciver_sch Member=Component P11 Bluetooth
Added Member To Class: ClassName=dsPIC_reciver_sch Member=Component R5 Res1
Added Member To Class: ClassName=dsPIC_reciver_sch Member=Component R6 Res1
